  main.cpp
c:\users\administrator\desktop\c++单子\project\originofking\originofking\tree.h(53): error C2676: 二进制“+”:“std::vector<MNode<T> *,std::allocator<_Ty>>”不定义该运算符或到预定义运算符可接收的类型的转换
          with
          [
              T=int,
              _Ty=MNode<int> *
          ]
  c:\users\administrator\desktop\c++单子\project\originofking\originofking\tree.h(49): note: 编译 类 模板 成员函数 "void MTree<int>::putChild(MNode<T> *,MNode<T> *)" 时
          with
          [
              T=int
          ]
  c:\users\administrator\desktop\c++单子\project\originofking\originofking\main.cpp(33): note: 参见对正在编译的函数 模板 实例化“void MTree<int>::putChild(MNode<T> *,MNode<T> *)”的引用
          with
          [
              T=int
          ]
  c:\users\administrator\desktop\c++单子\project\originofking\originofking\main.cpp(24): note: 参见对正在编译的 类 模板 实例化 "MTree<int>" 的引用
c:\users\administrator\desktop\c++单子\project\originofking\originofking\tree.h(53): error C2672: “lower_bound”: 未找到匹配的重载函数
c:\users\administrator\desktop\c++单子\project\originofking\originofking\tree.h(53): error C2780: “_FwdIt std::lower_bound(_FwdIt,_FwdIt,const _Ty &)”: 应输入 3 个参数，却提供了 2 个
  g:\program\vsio\vc\tools\msvc\14.16.27023\include\algorithm(3196): note: 参见“std::lower_bound”的声明
c:\users\administrator\desktop\c++单子\project\originofking\originofking\tree.h(53): error C2780: “_FwdIt std::lower_bound(_FwdIt,const _FwdIt,const _Ty &,_Pr)”: 应输入 4 个参数，却提供了 2 个
  g:\program\vsio\vc\tools\msvc\14.16.27023\include\xutility(3977): note: 参见“std::lower_bound”的声明
c:\users\administrator\desktop\c++单子\project\originofking\originofking\tree.h(55): error C2664: “std::_Vector_iterator<std::_Vector_val<std::_Simple_types<_Ty>>> std::vector<_Ty,std::allocator<_Ty>>::insert(std::_Vector_const_iterator<std::_Vector_val<std::_Simple_types<_Ty>>>,std::initializer_list<_Ty>)”: 无法将参数 1 从“MNode<T> *”转换为“std::_Vector_const_iterator<std::_Vector_val<std::_Simple_types<_Ty>>>”
          with
          [
              _Ty=MNode<int> *
          ]
          and
          [
              T=int
          ]
          and
          [
              _Ty=MNode<int> *
          ]
  c:\users\administrator\desktop\c++单子\project\originofking\originofking\tree.h(55): note: 无构造函数可以接受源类型，或构造函数重载决策不明确
